<?xml version="1.0" encoding="UTF-8"?>
<!-- Generated by org.testng.reporters.JUnitReportReporter -->
<testsuite hostname="INBENKARSELVAN1" failures="0" tests="1" name="com.automation.tests.seleniumTests.Test_CalculateFixedDepositInterest" time="1.148" errors="0" timestamp="2022-04-19T10:38:01 IST" skipped="0">
  <testcase classname="com.automation.tests.seleniumTests.Test_CalculateFixedDepositInterest" name="CalculateFixedDepositInterest" time="1.148"/>
  <system-out/>
</testsuite> <!-- com.automation.tests.seleniumTests.Test_CalculateFixedDepositInterest -->
